Loading the graph from the file ./data/preprocessed/ChG-Miner_miner-chem-gene.tsv...
Uncertain graph n: 7341
Uncertain graph m: 15138

Possible world 1 n: 7341
Possible world 1 m: 7556

Possible world 2 n: 7341
Possible world 2 m: 7712


Nodes reached by 0 in the uncertain graph:
1
44
122
247
36


Nodes reached by 0 in the possible world 1:
1


Nodes reached by 0 in the possible world 2:
1
36


Nodes reached by 1 in the uncertain graph:
0
572
611
320
2269
2966
1905
16
1611
989
1031
4427
288
543
2047


Nodes reached by 1 in the possible world 1:
0
611
320
2269
2966
1905
16
989
4427
543
2047


Nodes reached by 1 in the possible world 2:
0
320
2269
2966
16
1611
4427
543


Nodes reached by 27 in the uncertain graph:
26
171
1015
1090
1282
1416
1764
1823
1989
2253
2788
2915
3001
3024
3089
3356
3453
3688
3890
4023
4100
4368
4595
4640
2218
4674
5080
5183
5184
5278
5300
5305
5446
5568
5730
5756
5815
5972
6194
6207
6222
6356
6375
6377
6706
6726
6733
7041
7083
7122
7152
7171
7256
7273
2834
7295


Nodes reached by 27 in the possible world 1:
1282
1764
2788
3001
3024
3089
3688
4100
4368
4640
4674
5184
5446
5568
5815
5972
6194
6375
7041
7083
7122
7256
7273
2834


Nodes reached by 27 in the possible world 2:
1282
1764
1989
2788
3001
3024
3089
3356
3453
3688
3890
4100
4368
4595
4640
4674
5184
5300
5446
5568
5972
6222
6356
6375
6706
7041
7122
7152
7256
7295


Nodes reached by 814 in the uncertain graph:
813
946
1173
1886
2667
2964
3273
3518
4124
4156
2130
4979
5006
5112
3303
4886
5241
2521
5670
442
716
1536
6387
5048
1265
3985
5879
3681
4260
7292


Nodes reached by 814 in the possible world 1:
2964
4156
2130
5006
3303
4886
716
1536
5048
1265
3985


Nodes reached by 814 in the possible world 2:
1886
2964
3518
4124
2130
5006
3303
5670
716
5048
1265
3985
3681
4260
